01:51:13 AM:DEBUG [logger_base.py:15] Mensaje a nivel debug
01:51:13 AM:INFO [logger_base.py:16] Mensaje a nivel info
01:51:13 AM:WARNING [logger_base.py:17] Mensaje a nivel warning
01:51:13 AM:ERROR [logger_base.py:18] Mensaje a nivel error
01:51:13 AM:CRITICAL [logger_base.py:19] Mensaje a nivel critical

03:15:07 PM:DEBUG [logger_base.py:15] Mensaje a nivel debug
03:15:07 PM:INFO [logger_base.py:16] Mensaje a nivel info
03:15:07 PM:WARNING [logger_base.py:17] Mensaje a nivel warning
03:15:07 PM:ERROR [logger_base.py:18] Mensaje a nivel error
03:15:07 PM:CRITICAL [logger_base.py:19] Mensaje a nivel critical

04:57:13 PM:DEBUG [logger_base.py:15] Mensaje a nivel debug
04:57:13 PM:INFO [logger_base.py:16] Mensaje a nivel info
04:57:13 PM:WARNING [logger_base.py:17] Mensaje a nivel warning
04:57:13 PM:ERROR [logger_base.py:18] Mensaje a nivel error
04:57:13 PM:CRITICAL [logger_base.py:19] Mensaje a nivel critical
05:02:38 PM:DEBUG [logger_base.py:15] Mensaje a nivel debug
05:02:38 PM:INFO [logger_base.py:16] Mensaje a nivel info
05:02:38 PM:WARNING [logger_base.py:17] Mensaje a nivel warning
05:02:38 PM:ERROR [logger_base.py:18] Mensaje a nivel error
05:02:38 PM:CRITICAL [logger_base.py:19] Mensaje a nivel critical
05:20:25 PM:DEBUG [logger_base.py:16] Mensaje a nivel debug
05:20:25 PM:INFO [logger_base.py:17] Mensaje a nivel info
05:20:25 PM:WARNING [logger_base.py:18] Mensaje a nivel warning
05:20:25 PM:ERROR [logger_base.py:19] Mensaje a nivel error
05:20:25 PM:CRITICAL [logger_base.py:20] Mensaje a nivel critical
05:20:30 PM:DEBUG [Persona.py:55] 
            Id Persona: 1,
            Nombre: Juan,
            Apellido: Perez,
            Email: jperez@mail.com
    
05:20:48 PM:DEBUG [Persona.py:55] 
            Id Persona: 1,
            Nombre: Juan,
            Apellido: Perez,
            Email: jperez@mail.com
    
05:20:48 PM:DEBUG [Persona.py:57] 
            Id Persona: None,
            Nombre: Jose,
            Apellido: Lepez,
            Email: ljose@mail.com
    
05:20:48 PM:DEBUG [Persona.py:59] 
            Id Persona: 1,
            Nombre: None,
            Apellido: None,
            Email: None
    
06:57:32 PM:DEBUG [conexion.py:24] Conexión Exitosa: <connection object at 0x00000208A6ECDAE0; dsn: 'user=postgres password=xxx dbname=test_bd host=127.0.0.1 port=5432', closed: 0>
07:00:21 PM:ERROR [conexion.py:28] Ocurrió un error de tipo: connection to server at "127.0.0.1", port 5432 failed: FATAL:  password authentication failed for user "postgre"

07:01:43 PM:DEBUG [conexion.py:25] Conexión Exitosa: <connection object at 0x0000024A5BC2DAE0; dsn: 'user=postgres password=xxx dbname=test_bd host=127.0.0.1 port=5432', closed: 0>
07:01:43 PM:ERROR [conexion.py:41] Ocirrió un error: 'NoneType' object has no attribute 'cursor'
07:07:29 PM:DEBUG [conexion.py:25] Conexión Exitosa: <connection object at 0x000002502E0FDAE0; dsn: 'user=postgres password=xxx dbname=test_bd host=127.0.0.1 port=5432', closed: 0>
07:07:29 PM:ERROR [conexion.py:41] Ocirrió un error: 'NoneType' object has no attribute 'cursor'
07:07:56 PM:DEBUG [conexion.py:25] Conexión Exitosa: <connection object at 0x000002AD3E5BDAE0; dsn: 'user=postgres password=xxx dbname=test_bd host=127.0.0.1 port=5432', closed: 0>
07:07:56 PM:DEBUG [conexion.py:38] Se abrió correctamente el cursor: <cursor object at 0x000002AD3E895AC0; closed: 0>
07:46:02 PM:DEBUG [conexion.py:25] Conexión Exitosa: <connection object at 0x000001F611D567B0; dsn: 'user=postgres password=xxx dbname=test_bd host=127.0.0.1 port=5432', closed: 0>
07:46:02 PM:DEBUG [conexion.py:38] Se abrió correctamente el cursor: <cursor object at 0x000001F613C719E0; closed: 0>
07:46:40 PM:DEBUG [conexion.py:25] Conexión Exitosa: <connection object at 0x0000022D603267B0; dsn: 'user=postgres password=xxx dbname=test_bd host=127.0.0.1 port=5432', closed: 0>
07:46:40 PM:DEBUG [conexion.py:38] Se abrió correctamente el cursor: <cursor object at 0x0000022D62205AC0; closed: 0>
07:46:40 PM:DEBUG [persona_dao.py:36] 
            Id Persona: 1,
            Nombre: Juan Carlos,
            Apellido: Roldan,
            Email: jcroldan@mail.com
    
07:46:40 PM:DEBUG [persona_dao.py:36] 
            Id Persona: 2,
            Nombre: Carla,
            Apellido: Gomez,
            Email: kgomez@mail.com
    
07:46:40 PM:DEBUG [persona_dao.py:36] 
            Id Persona: 8,
            Nombre: Carlos,
            Apellido: Lara,
            Email: clara@mail.com
    
07:46:40 PM:DEBUG [persona_dao.py:36] 
            Id Persona: 9,
            Nombre: Marcos,
            Apellido: Canto,
            Email: mcanto@gmail.com
    
07:46:40 PM:DEBUG [persona_dao.py:36] 
            Id Persona: 10,
            Nombre: Marcelo,
            Apellido: Cuenca,
            Email: mcuenca@mail.com
    
07:46:40 PM:DEBUG [persona_dao.py:36] 
            Id Persona: 12,
            Nombre: María,
            Apellido: Esparza,
            Email: mesparza@mail.com
    
07:46:40 PM:DEBUG [persona_dao.py:36] 
            Id Persona: 16,
            Nombre: Carlos,
            Apellido: Lara,
            Email: clara@mail.com
    
07:46:40 PM:DEBUG [persona_dao.py:36] 
            Id Persona: 19,
            Nombre: Jorge,
            Apellido: Prol,
            Email: jprol@mail.com
    
07:46:40 PM:DEBUG [persona_dao.py:36] 
            Id Persona: 20,
            Nombre: Alex,
            Apellido: Rojas,
            Email: arojas@mail.com
    
08:00:50 PM:DEBUG [conexion.py:25] Conexión Exitosa: <connection object at 0x000001DACE1B67B0; dsn: 'user=postgres password=xxx dbname=test_bd host=127.0.0.1 port=5432', closed: 0>
08:00:50 PM:DEBUG [conexion.py:38] Se abrió correctamente el cursor: <cursor object at 0x000001DAD0575AC0; closed: 0>
08:00:50 PM:DEBUG [persona_dao.py:38] Persona Insertada: 
            Id Persona: None,
            Nombre: Pedro,
            Apellido: Romero,
            Email: promero@mail.com
    
08:00:50 PM:DEBUG [persona_dao.py:46] Personas insertadas: 1
08:02:45 PM:DEBUG [conexion.py:25] Conexión Exitosa: <connection object at 0x000001303E3667B0; dsn: 'user=postgres password=xxx dbname=test_bd host=127.0.0.1 port=5432', closed: 0>
08:02:45 PM:DEBUG [conexion.py:38] Se abrió correctamente el cursor: <cursor object at 0x00000130407359E0; closed: 0>
08:02:45 PM:DEBUG [persona_dao.py:38] Persona Insertada: 
            Id Persona: None,
            Nombre: Homero,
            Apellido: Ramos,
            Email: omeror@mail.com
    
08:02:45 PM:DEBUG [persona_dao.py:46] Personas insertadas: 1
08:12:55 PM:DEBUG [conexion.py:25] Conexión Exitosa: <connection object at 0x00000281075D67B0; dsn: 'user=postgres password=xxx dbname=test_bd host=127.0.0.1 port=5432', closed: 0>
08:12:55 PM:DEBUG [conexion.py:38] Se abrió correctamente el cursor: <cursor object at 0x00000281094C6AC0; closed: 0>
08:15:50 PM:DEBUG [conexion.py:25] Conexión Exitosa: <connection object at 0x0000021EAB1967B0; dsn: 'user=postgres password=xxx dbname=test_bd host=127.0.0.1 port=5432', closed: 0>
08:15:50 PM:DEBUG [conexion.py:38] Se abrió correctamente el cursor: <cursor object at 0x0000021EAD076AC0; closed: 0>
08:55:08 PM:DEBUG [Persona.py:55] 
            Id Persona: 1,
            Nombre: Juan,
            Apellido: Perez,
            Email: jperez@mail.com
    
08:55:08 PM:DEBUG [Persona.py:57] 
            Id Persona: None,
            Nombre: Jose,
            Apellido: Lepez,
            Email: ljose@mail.com
    
08:55:08 PM:DEBUG [Persona.py:59] 
            Id Persona: 1,
            Nombre: None,
            Apellido: None,
            Email: None
    
08:55:20 PM:DEBUG [conexion.py:25] Conexión Exitosa: <connection object at 0x00000278B07FDAE0; dsn: 'user=postgres password=xxx dbname=test_bd host=127.0.0.1 port=5432', closed: 0>
08:55:20 PM:DEBUG [conexion.py:38] Se abrió correctamente el cursor: <cursor object at 0x00000278B0AD5AC0; closed: 0>
08:55:33 PM:DEBUG [conexion.py:25] Conexión Exitosa: <connection object at 0x000001DEF05967B0; dsn: 'user=postgres password=xxx dbname=test_bd host=127.0.0.1 port=5432', closed: 0>
08:55:33 PM:DEBUG [conexion.py:38] Se abrió correctamente el cursor: <cursor object at 0x000001DEF24B3AC0; closed: 0>
08:55:33 PM:DEBUG [persona_dao.py:47] Persona actualizada: 
            Id Persona: 1,
            Nombre: Juan José,
            Apellido: Pena,
            Email: jjpena@mail.com
    
08:55:33 PM:DEBUG [persona_dao.py:55] Personas actualizadas: 1
09:07:28 PM:DEBUG [conexion.py:25] Conexión Exitosa: <connection object at 0x0000020F2E7D67B0; dsn: 'user=postgres password=xxx dbname=test_bd host=127.0.0.1 port=5432', closed: 0>
09:07:28 PM:DEBUG [conexion.py:38] Se abrió correctamente el cursor: <cursor object at 0x0000020F306B6AC0; closed: 0>
09:07:28 PM:DEBUG [persona_dao.py:57] Los objetos eliminados son: 
            Id Persona: 16,
            Nombre: None,
            Apellido: None,
            Email: None
    
09:07:28 PM:DEBUG [persona_dao.py:65] Personas eliminadas: 1
09:08:26 PM:DEBUG [conexion.py:25] Conexión Exitosa: <connection object at 0x0000015A70CB67B0; dsn: 'user=postgres password=xxx dbname=test_bd host=127.0.0.1 port=5432', closed: 0>
09:08:26 PM:DEBUG [conexion.py:38] Se abrió correctamente el cursor: <cursor object at 0x0000015A72BA6AC0; closed: 0>
09:08:26 PM:DEBUG [persona_dao.py:57] Los objetos eliminados son: 
            Id Persona: 8,
            Nombre: None,
            Apellido: None,
            Email: None
    
09:08:26 PM:DEBUG [persona_dao.py:65] Personas eliminadas: 1
09:12:05 PM:DEBUG [conexion.py:25] Conexión Exitosa: <connection object at 0x00000230F8EF67B0; dsn: 'user=postgres password=xxx dbname=test_bd host=127.0.0.1 port=5432', closed: 0>
09:12:05 PM:DEBUG [conexion.py:38] Se abrió correctamente el cursor: <cursor object at 0x00000230FADC6AC0; closed: 0>
09:12:05 PM:DEBUG [persona_dao.py:80] 
            Id Persona: 1,
            Nombre: Juan José,
            Apellido: Pena,
            Email: jjpena@mail.com
    
09:12:05 PM:DEBUG [persona_dao.py:80] 
            Id Persona: 2,
            Nombre: Carla,
            Apellido: Gomez,
            Email: kgomez@mail.com
    
09:12:05 PM:DEBUG [persona_dao.py:80] 
            Id Persona: 9,
            Nombre: Marcos,
            Apellido: Canto,
            Email: mcanto@gmail.com
    
09:12:05 PM:DEBUG [persona_dao.py:80] 
            Id Persona: 10,
            Nombre: Marcelo,
            Apellido: Cuenca,
            Email: mcuenca@mail.com
    
09:12:05 PM:DEBUG [persona_dao.py:80] 
            Id Persona: 12,
            Nombre: María,
            Apellido: Esparza,
            Email: mesparza@mail.com
    
09:12:05 PM:DEBUG [persona_dao.py:80] 
            Id Persona: 19,
            Nombre: Jorge,
            Apellido: Prol,
            Email: jprol@mail.com
    
09:12:05 PM:DEBUG [persona_dao.py:80] 
            Id Persona: 20,
            Nombre: Alex,
            Apellido: Rojas,
            Email: arojas@mail.com
    
09:12:05 PM:DEBUG [persona_dao.py:80] 
            Id Persona: 21,
            Nombre: Pedro,
            Apellido: Romero,
            Email: promero@mail.com
    
09:12:05 PM:DEBUG [persona_dao.py:80] 
            Id Persona: 22,
            Nombre: Homero,
            Apellido: Ramos,
            Email: omeror@mail.com
    
01:52:01 AM:DEBUG [conexion.py:38] Creación del pool exitosa: <psycopg2.pool.SimpleConnectionPool object at 0x000001B6B9EBDE50>
01:52:59 AM:DEBUG [conexion.py:38] Creación del pool exitosa: <psycopg2.pool.SimpleConnectionPool object at 0x00000262A228DE50>
01:52:59 AM:DEBUG [conexion.py:20] Conexión obtenida del pool: <connection object at 0x00000262A426E9D0; dsn: 'user=postgres password=xxx dbname=test_bd host=127.0.0.1 port=5432', closed: 0>
01:52:59 AM:DEBUG [conexion.py:20] Conexión obtenida del pool: <connection object at 0x00000262A45907B0; dsn: 'user=postgres password=xxx dbname=test_bd host=127.0.0.1 port=5432', closed: 0>
01:54:34 AM:DEBUG [conexion.py:38] Creación del pool exitosa: <psycopg2.pool.SimpleConnectionPool object at 0x000002C2241BDF70>
01:54:34 AM:DEBUG [conexion.py:20] Conexión obtenida del pool: <connection object at 0x000002C225CBF9D0; dsn: 'user=postgres password=xxx dbname=test_bd host=127.0.0.1 port=5432', closed: 0>
01:54:35 AM:DEBUG [conexion.py:20] Conexión obtenida del pool: <connection object at 0x000002C225FE17B0; dsn: 'user=postgres password=xxx dbname=test_bd host=127.0.0.1 port=5432', closed: 0>
01:54:35 AM:DEBUG [conexion.py:20] Conexión obtenida del pool: <connection object at 0x000002C225FE1E10; dsn: 'user=postgres password=xxx dbname=test_bd host=127.0.0.1 port=5432', closed: 0>
01:55:09 AM:DEBUG [conexion.py:38] Creación del pool exitosa: <psycopg2.pool.SimpleConnectionPool object at 0x000002057B87FF70>
01:55:09 AM:DEBUG [conexion.py:20] Conexión obtenida del pool: <connection object at 0x000002057D36E9D0; dsn: 'user=postgres password=xxx dbname=test_bd host=127.0.0.1 port=5432', closed: 0>
01:55:09 AM:DEBUG [conexion.py:20] Conexión obtenida del pool: <connection object at 0x000002057D6917B0; dsn: 'user=postgres password=xxx dbname=test_bd host=127.0.0.1 port=5432', closed: 0>
01:55:09 AM:DEBUG [conexion.py:20] Conexión obtenida del pool: <connection object at 0x000002057D691E10; dsn: 'user=postgres password=xxx dbname=test_bd host=127.0.0.1 port=5432', closed: 0>
01:55:09 AM:DEBUG [conexion.py:20] Conexión obtenida del pool: <connection object at 0x000002057D6EA040; dsn: 'user=postgres password=xxx dbname=test_bd host=127.0.0.1 port=5432', closed: 0>
01:55:09 AM:DEBUG [conexion.py:20] Conexión obtenida del pool: <connection object at 0x000002057D6EA150; dsn: 'user=postgres password=xxx dbname=test_bd host=127.0.0.1 port=5432', closed: 0>
01:55:30 AM:DEBUG [conexion.py:38] Creación del pool exitosa: <psycopg2.pool.SimpleConnectionPool object at 0x000002EAD7CB3DF0>
01:55:30 AM:DEBUG [conexion.py:20] Conexión obtenida del pool: <connection object at 0x000002EAD977E9D0; dsn: 'user=postgres password=xxx dbname=test_bd host=127.0.0.1 port=5432', closed: 0>
01:55:30 AM:DEBUG [conexion.py:20] Conexión obtenida del pool: <connection object at 0x000002EAD9AA17B0; dsn: 'user=postgres password=xxx dbname=test_bd host=127.0.0.1 port=5432', closed: 0>
01:55:30 AM:DEBUG [conexion.py:20] Conexión obtenida del pool: <connection object at 0x000002EAD9AA1E10; dsn: 'user=postgres password=xxx dbname=test_bd host=127.0.0.1 port=5432', closed: 0>
01:55:30 AM:DEBUG [conexion.py:20] Conexión obtenida del pool: <connection object at 0x000002EAD9AFA040; dsn: 'user=postgres password=xxx dbname=test_bd host=127.0.0.1 port=5432', closed: 0>
01:55:31 AM:DEBUG [conexion.py:20] Conexión obtenida del pool: <connection object at 0x000002EAD9AFA150; dsn: 'user=postgres password=xxx dbname=test_bd host=127.0.0.1 port=5432', closed: 0>
01:56:08 AM:DEBUG [conexion.py:38] Creación del pool exitosa: <psycopg2.pool.SimpleConnectionPool object at 0x0000023F54EF3DF0>
01:56:08 AM:DEBUG [conexion.py:20] Conexión obtenida del pool: <connection object at 0x0000023F569DE9D0; dsn: 'user=postgres password=xxx dbname=test_bd host=127.0.0.1 port=5432', closed: 0>
01:56:08 AM:DEBUG [conexion.py:20] Conexión obtenida del pool: <connection object at 0x0000023F56D017B0; dsn: 'user=postgres password=xxx dbname=test_bd host=127.0.0.1 port=5432', closed: 0>
01:56:08 AM:DEBUG [conexion.py:20] Conexión obtenida del pool: <connection object at 0x0000023F56D01E10; dsn: 'user=postgres password=xxx dbname=test_bd host=127.0.0.1 port=5432', closed: 0>
01:56:08 AM:DEBUG [conexion.py:20] Conexión obtenida del pool: <connection object at 0x0000023F56D5A040; dsn: 'user=postgres password=xxx dbname=test_bd host=127.0.0.1 port=5432', closed: 0>
01:56:08 AM:DEBUG [conexion.py:20] Conexión obtenida del pool: <connection object at 0x0000023F56D5A150; dsn: 'user=postgres password=xxx dbname=test_bd host=127.0.0.1 port=5432', closed: 0>
01:56:09 AM:DEBUG [conexion.py:20] Conexión obtenida del pool: <connection object at 0x0000023F56D5A260; dsn: 'user=postgres password=xxx dbname=test_bd host=127.0.0.1 port=5432', closed: 0>
12:22:19 PM:DEBUG [conexion.py:38] Creación del pool exitosa: <psycopg2.pool.SimpleConnectionPool object at 0x000001CDEF66F4D0>
12:22:19 PM:DEBUG [conexion.py:20] Conexión obtenida del pool: <connection object at 0x000001CDEF6749D0; dsn: 'user=postgres password=xxx dbname=test_bd host=127.0.0.1 port=5432', closed: 0>
12:22:19 PM:DEBUG [conexion.py:20] Conexión obtenida del pool: <connection object at 0x000001CDEF674AE0; dsn: 'user=postgres password=xxx dbname=test_bd host=127.0.0.1 port=5432', closed: 0>
12:22:19 PM:DEBUG [conexion.py:20] Conexión obtenida del pool: <connection object at 0x000001CDEF674BF0; dsn: 'user=postgres password=xxx dbname=test_bd host=127.0.0.1 port=5432', closed: 0>
12:22:19 PM:DEBUG [conexion.py:20] Conexión obtenida del pool: <connection object at 0x000001CDEF674D00; dsn: 'user=postgres password=xxx dbname=test_bd host=127.0.0.1 port=5432', closed: 0>
12:22:19 PM:DEBUG [conexion.py:20] Conexión obtenida del pool: <connection object at 0x000001CDEF674E10; dsn: 'user=postgres password=xxx dbname=test_bd host=127.0.0.1 port=5432', closed: 0>
12:22:43 PM:DEBUG [Persona.py:55] 
            Id Persona: 1,
            Nombre: Juan,
            Apellido: Perez,
            Email: jperez@mail.com
    
12:22:43 PM:DEBUG [Persona.py:57] 
            Id Persona: None,
            Nombre: Jose,
            Apellido: Lepez,
            Email: ljose@mail.com
    
12:22:43 PM:DEBUG [Persona.py:59] 
            Id Persona: 1,
            Nombre: None,
            Apellido: None,
            Email: None
    
01:02:48 PM:DEBUG [cursor_del_pool.py:11] Inicio del metodo with y __enter__
01:02:48 PM:DEBUG [conexion.py:38] Creación del pool exitosa: <psycopg2.pool.SimpleConnectionPool object at 0x00000210B9E57CD0>
01:02:48 PM:DEBUG [conexion.py:20] Conexión obtenida del pool: <connection object at 0x00000210B9F71360; dsn: 'user=postgres password=xxx dbname=test_bd host=127.0.0.1 port=5432', closed: 0>
01:02:48 PM:DEBUG [cursor_del_pool.py:32] Dentro del bloque with
01:02:48 PM:DEBUG [cursor_del_pool.py:34] [(2, 'Carla', 'Gomez', 'kgomez@mail.com'), (9, 'Marcos', 'Canto', 'mcanto@gmail.com'), (10, 'Marcelo', 'Cuenca', 'mcuenca@mail.com'), (12, 'María', 'Esparza', 'mesparza@mail.com'), (19, 'Jorge', 'Prol', 'jprol@mail.com'), (20, 'Alex', 'Rojas', 'arojas@mail.com'), (21, 'Pedro', 'Romero', 'promero@mail.com'), (22, 'Homero', 'Ramos', 'omeror@mail.com'), (1, 'Juan José', 'Pena', 'jjpena@mail.com')]
01:02:48 PM:DEBUG [cursor_del_pool.py:17] Se ejecuta el metodo exit
01:02:48 PM:DEBUG [cursor_del_pool.py:23] Commit de la transaccion
01:05:05 PM:DEBUG [cursor_del_pool.py:13] Inicio del método with y __enter__
01:05:05 PM:DEBUG [conexion.py:38] Creación del pool exitosa: <psycopg2.pool.SimpleConnectionPool object at 0x000002370BD1FC90>
01:05:05 PM:DEBUG [conexion.py:20] Conexión obtenida del pool: <connection object at 0x000002370C45CAE0; dsn: 'user=postgres password=xxx dbname=test_bd host=127.0.0.1 port=5432', closed: 0>
01:05:05 PM:DEBUG [cursor_del_pool.py:35] Dentro del bloque with
01:05:05 PM:DEBUG [cursor_del_pool.py:37] [(2, 'Carla', 'Gomez', 'kgomez@mail.com'), (9, 'Marcos', 'Canto', 'mcanto@gmail.com'), (10, 'Marcelo', 'Cuenca', 'mcuenca@mail.com'), (12, 'María', 'Esparza', 'mesparza@mail.com'), (19, 'Jorge', 'Prol', 'jprol@mail.com'), (20, 'Alex', 'Rojas', 'arojas@mail.com'), (21, 'Pedro', 'Romero', 'promero@mail.com'), (22, 'Homero', 'Ramos', 'omeror@mail.com'), (1, 'Juan José', 'Pena', 'jjpena@mail.com')]
01:05:05 PM:DEBUG [cursor_del_pool.py:20] Se ejecuta el método exit
01:05:05 PM:DEBUG [cursor_del_pool.py:27] Commit de la transacción
01:05:39 PM:DEBUG [cursor_del_pool.py:11] Inicio del metodo with y __enter__
01:05:39 PM:DEBUG [conexion.py:38] Creación del pool exitosa: <psycopg2.pool.SimpleConnectionPool object at 0x0000016DF3F77910>
01:05:39 PM:DEBUG [conexion.py:20] Conexión obtenida del pool: <connection object at 0x0000016DF3F7CAE0; dsn: 'user=postgres password=xxx dbname=test_bd host=127.0.0.1 port=5432', closed: 0>
01:05:39 PM:DEBUG [cursor_del_pool.py:32] Dentro del bloque with
01:05:39 PM:DEBUG [cursor_del_pool.py:34] [(2, 'Carla', 'Gomez', 'kgomez@mail.com'), (9, 'Marcos', 'Canto', 'mcanto@gmail.com'), (10, 'Marcelo', 'Cuenca', 'mcuenca@mail.com'), (12, 'María', 'Esparza', 'mesparza@mail.com'), (19, 'Jorge', 'Prol', 'jprol@mail.com'), (20, 'Alex', 'Rojas', 'arojas@mail.com'), (21, 'Pedro', 'Romero', 'promero@mail.com'), (22, 'Homero', 'Ramos', 'omeror@mail.com'), (1, 'Juan José', 'Pena', 'jjpena@mail.com')]
01:05:39 PM:DEBUG [cursor_del_pool.py:17] Se ejecuta el metodo exit
01:05:39 PM:DEBUG [cursor_del_pool.py:23] Commit de la transaccion
01:06:21 PM:DEBUG [cursor_del_pool.py:13] Inicio del método with y __enter__
01:06:21 PM:DEBUG [conexion.py:38] Creación del pool exitosa: <psycopg2.pool.SimpleConnectionPool object at 0x0000025A2AF1FC90>
01:06:21 PM:DEBUG [conexion.py:20] Conexión obtenida del pool: <connection object at 0x0000025A2B67CAE0; dsn: 'user=postgres password=xxx dbname=test_bd host=127.0.0.1 port=5432', closed: 0>
01:06:21 PM:DEBUG [cursor_del_pool.py:35] Dentro del bloque with
01:06:21 PM:DEBUG [cursor_del_pool.py:37] [(2, 'Carla', 'Gomez', 'kgomez@mail.com'), (9, 'Marcos', 'Canto', 'mcanto@gmail.com'), (10, 'Marcelo', 'Cuenca', 'mcuenca@mail.com'), (12, 'María', 'Esparza', 'mesparza@mail.com'), (19, 'Jorge', 'Prol', 'jprol@mail.com'), (20, 'Alex', 'Rojas', 'arojas@mail.com'), (21, 'Pedro', 'Romero', 'promero@mail.com'), (22, 'Homero', 'Ramos', 'omeror@mail.com'), (1, 'Juan José', 'Pena', 'jjpena@mail.com')]
01:06:21 PM:DEBUG [cursor_del_pool.py:20] Se ejecuta el método exit
01:06:21 PM:DEBUG [cursor_del_pool.py:27] Commit de la transacción
01:12:31 PM:DEBUG [conexion.py:38] Creación del pool exitosa: <psycopg2.pool.SimpleConnectionPool object at 0x0000021994E04490>
01:12:31 PM:DEBUG [conexion.py:20] Conexión obtenida del pool: <connection object at 0x0000021994EAC9D0; dsn: 'user=postgres password=xxx dbname=test_bd host=127.0.0.1 port=5432', closed: 0>
01:12:31 PM:DEBUG [conexion.py:20] Conexión obtenida del pool: <connection object at 0x0000021994EACAE0; dsn: 'user=postgres password=xxx dbname=test_bd host=127.0.0.1 port=5432', closed: 0>
01:12:31 PM:DEBUG [conexion.py:20] Conexión obtenida del pool: <connection object at 0x0000021994EACBF0; dsn: 'user=postgres password=xxx dbname=test_bd host=127.0.0.1 port=5432', closed: 0>
01:12:31 PM:DEBUG [conexion.py:20] Conexión obtenida del pool: <connection object at 0x0000021994EACD00; dsn: 'user=postgres password=xxx dbname=test_bd host=127.0.0.1 port=5432', closed: 0>
01:12:31 PM:DEBUG [conexion.py:20] Conexión obtenida del pool: <connection object at 0x0000021994EACE10; dsn: 'user=postgres password=xxx dbname=test_bd host=127.0.0.1 port=5432', closed: 0>
01:16:43 PM:DEBUG [cursor_del_pool.py:11] Inicio del metodo with y __enter__
01:16:43 PM:DEBUG [conexion.py:38] Creación del pool exitosa: <psycopg2.pool.SimpleConnectionPool object at 0x000001367F867910>
01:16:43 PM:DEBUG [conexion.py:20] Conexión obtenida del pool: <connection object at 0x000001367F86CAE0; dsn: 'user=postgres password=xxx dbname=test_bd host=127.0.0.1 port=5432', closed: 0>
01:16:43 PM:DEBUG [cursor_del_pool.py:32] Dentro del bloque with
01:16:43 PM:DEBUG [cursor_del_pool.py:34] [(2, 'Carla', 'Gomez', 'kgomez@mail.com'), (9, 'Marcos', 'Canto', 'mcanto@gmail.com'), (10, 'Marcelo', 'Cuenca', 'mcuenca@mail.com'), (12, 'María', 'Esparza', 'mesparza@mail.com'), (19, 'Jorge', 'Prol', 'jprol@mail.com'), (20, 'Alex', 'Rojas', 'arojas@mail.com'), (21, 'Pedro', 'Romero', 'promero@mail.com'), (22, 'Homero', 'Ramos', 'omeror@mail.com'), (1, 'Juan José', 'Pena', 'jjpena@mail.com')]
01:16:43 PM:DEBUG [cursor_del_pool.py:17] Se ejecuta el metodo exit
01:16:43 PM:DEBUG [cursor_del_pool.py:23] Commit de la transaccion
01:23:08 PM:DEBUG [cursor_del_pool.py:11] Inicio del metodo with y __enter__
01:23:08 PM:DEBUG [conexion.py:38] Creación del pool exitosa: <psycopg2.pool.SimpleConnectionPool object at 0x00000181EBE47910>
01:23:08 PM:DEBUG [conexion.py:20] Conexión obtenida del pool: <connection object at 0x00000181EBE4CAE0; dsn: 'user=postgres password=xxx dbname=test_bd host=127.0.0.1 port=5432', closed: 0>
01:23:08 PM:DEBUG [cursor_del_pool.py:32] Dentro del bloque with
01:23:08 PM:DEBUG [cursor_del_pool.py:34] [(2, 'Carla', 'Gomez', 'kgomez@mail.com'), (9, 'Marcos', 'Canto', 'mcanto@gmail.com'), (10, 'Marcelo', 'Cuenca', 'mcuenca@mail.com'), (12, 'María', 'Esparza', 'mesparza@mail.com'), (19, 'Jorge', 'Prol', 'jprol@mail.com'), (20, 'Alex', 'Rojas', 'arojas@mail.com'), (21, 'Pedro', 'Romero', 'promero@mail.com'), (22, 'Homero', 'Ramos', 'omeror@mail.com'), (1, 'Juan José', 'Pena', 'jjpena@mail.com')]
01:23:08 PM:DEBUG [cursor_del_pool.py:17] Se ejecuta el metodo exit
01:23:08 PM:DEBUG [cursor_del_pool.py:23] Commit de la transaccion
01:27:43 PM:DEBUG [cursor_del_pool.py:11] Inicio del metodo with y __enter__
01:27:43 PM:DEBUG [conexion.py:38] Creación del pool exitosa: <psycopg2.pool.SimpleConnectionPool object at 0x0000029AAEA37910>
01:27:43 PM:DEBUG [conexion.py:20] Conexión obtenida del pool: <connection object at 0x0000029AAEA3CAE0; dsn: 'user=postgres password=xxx dbname=test_bd host=127.0.0.1 port=5432', closed: 0>
01:27:43 PM:DEBUG [cursor_del_pool.py:30] Dentro del bloque with
01:27:43 PM:DEBUG [cursor_del_pool.py:32] [(2, 'Carla', 'Gomez', 'kgomez@mail.com'), (9, 'Marcos', 'Canto', 'mcanto@gmail.com'), (10, 'Marcelo', 'Cuenca', 'mcuenca@mail.com'), (12, 'María', 'Esparza', 'mesparza@mail.com'), (19, 'Jorge', 'Prol', 'jprol@mail.com'), (20, 'Alex', 'Rojas', 'arojas@mail.com'), (21, 'Pedro', 'Romero', 'promero@mail.com'), (22, 'Homero', 'Ramos', 'omeror@mail.com'), (1, 'Juan José', 'Pena', 'jjpena@mail.com')]
01:27:43 PM:DEBUG [cursor_del_pool.py:17] Se ejecuta el metodo exit
01:27:43 PM:DEBUG [cursor_del_pool.py:23] Commit de la transaccion
01:44:30 PM:DEBUG [conexion.py:39] Creación del pool exitosa: <psycopg2.pool.SimpleConnectionPool object at 0x0000028D4DE90ED0>
01:44:30 PM:DEBUG [conexion.py:21] Conexión obtenida del pool: <connection object at 0x0000028D4DE8C9D0; dsn: 'user=postgres password=xxx dbname=test_bd host=127.0.0.1 port=5432', closed: 0>
01:44:30 PM:DEBUG [conexion.py:21] Conexión obtenida del pool: <connection object at 0x0000028D4DE8CAE0; dsn: 'user=postgres password=xxx dbname=test_bd host=127.0.0.1 port=5432', closed: 0>
01:44:30 PM:DEBUG [conexion.py:21] Conexión obtenida del pool: <connection object at 0x0000028D4DE8CBF0; dsn: 'user=postgres password=xxx dbname=test_bd host=127.0.0.1 port=5432', closed: 0>
01:44:31 PM:DEBUG [conexion.py:21] Conexión obtenida del pool: <connection object at 0x0000028D4DE8CD00; dsn: 'user=postgres password=xxx dbname=test_bd host=127.0.0.1 port=5432', closed: 0>
01:44:31 PM:DEBUG [conexion.py:21] Conexión obtenida del pool: <connection object at 0x0000028D4DE8CE10; dsn: 'user=postgres password=xxx dbname=test_bd host=127.0.0.1 port=5432', closed: 0>
01:44:43 PM:DEBUG [cursor_del_pool.py:11] Inicio del metodo with y __enter__
01:44:43 PM:DEBUG [conexion.py:39] Creación del pool exitosa: <psycopg2.pool.SimpleConnectionPool object at 0x000002462C047D50>
01:44:43 PM:DEBUG [conexion.py:21] Conexión obtenida del pool: <connection object at 0x000002462C151360; dsn: 'user=postgres password=xxx dbname=test_bd host=127.0.0.1 port=5432', closed: 0>
01:44:43 PM:DEBUG [cursor_del_pool.py:30] Dentro del bloque with
01:44:43 PM:DEBUG [cursor_del_pool.py:32] [(2, 'Carla', 'Gomez', 'kgomez@mail.com'), (9, 'Marcos', 'Canto', 'mcanto@gmail.com'), (10, 'Marcelo', 'Cuenca', 'mcuenca@mail.com'), (12, 'María', 'Esparza', 'mesparza@mail.com'), (19, 'Jorge', 'Prol', 'jprol@mail.com'), (20, 'Alex', 'Rojas', 'arojas@mail.com'), (21, 'Pedro', 'Romero', 'promero@mail.com'), (22, 'Homero', 'Ramos', 'omeror@mail.com'), (1, 'Juan José', 'Pena', 'jjpena@mail.com')]
01:44:43 PM:DEBUG [cursor_del_pool.py:17] Se ejecuta el metodo exit
01:44:43 PM:DEBUG [cursor_del_pool.py:23] Commit de la transaccion
01:46:13 PM:DEBUG [conexion.py:38] Creación del pool exitosa: <psycopg2.pool.SimpleConnectionPool object at 0x000001F1986B4490>
01:46:13 PM:DEBUG [conexion.py:20] Conexión obtenida del pool: <connection object at 0x000001F19875C9D0; dsn: 'user=postgres password=xxx dbname=test_bd host=127.0.0.1 port=5432', closed: 0>
01:46:13 PM:DEBUG [conexion.py:20] Conexión obtenida del pool: <connection object at 0x000001F19875CAE0; dsn: 'user=postgres password=xxx dbname=test_bd host=127.0.0.1 port=5432', closed: 0>
01:46:13 PM:DEBUG [conexion.py:20] Conexión obtenida del pool: <connection object at 0x000001F19875CBF0; dsn: 'user=postgres password=xxx dbname=test_bd host=127.0.0.1 port=5432', closed: 0>
01:46:14 PM:DEBUG [conexion.py:20] Conexión obtenida del pool: <connection object at 0x000001F19875CD00; dsn: 'user=postgres password=xxx dbname=test_bd host=127.0.0.1 port=5432', closed: 0>
01:46:14 PM:DEBUG [conexion.py:20] Conexión obtenida del pool: <connection object at 0x000001F19875CE10; dsn: 'user=postgres password=xxx dbname=test_bd host=127.0.0.1 port=5432', closed: 0>
01:46:22 PM:DEBUG [cursor_del_pool.py:11] Inicio del metodo with y __enter__
01:46:22 PM:DEBUG [conexion.py:38] Creación del pool exitosa: <psycopg2.pool.SimpleConnectionPool object at 0x000001394D047D10>
01:46:22 PM:DEBUG [conexion.py:20] Conexión obtenida del pool: <connection object at 0x000001394D111360; dsn: 'user=postgres password=xxx dbname=test_bd host=127.0.0.1 port=5432', closed: 0>
01:46:22 PM:DEBUG [cursor_del_pool.py:30] Dentro del bloque with
01:46:22 PM:DEBUG [cursor_del_pool.py:32] [(2, 'Carla', 'Gomez', 'kgomez@mail.com'), (9, 'Marcos', 'Canto', 'mcanto@gmail.com'), (10, 'Marcelo', 'Cuenca', 'mcuenca@mail.com'), (12, 'María', 'Esparza', 'mesparza@mail.com'), (19, 'Jorge', 'Prol', 'jprol@mail.com'), (20, 'Alex', 'Rojas', 'arojas@mail.com'), (21, 'Pedro', 'Romero', 'promero@mail.com'), (22, 'Homero', 'Ramos', 'omeror@mail.com'), (1, 'Juan José', 'Pena', 'jjpena@mail.com')]
01:46:22 PM:DEBUG [cursor_del_pool.py:17] Se ejecuta el metodo exit
01:46:22 PM:DEBUG [cursor_del_pool.py:23] Commit de la transaccion
05:31:31 PM:DEBUG [cursor_del_pool.py:11] Inicio del metodo with y __enter__
05:31:31 PM:DEBUG [conexion.py:38] Creación del pool exitosa: <psycopg2.pool.SimpleConnectionPool object at 0x0000012018C35CD0>
05:31:31 PM:DEBUG [conexion.py:20] Conexión obtenida del pool: <connection object at 0x0000012018D3CAE0; dsn: 'user=postgres password=xxx dbname=test_bd host=127.0.0.1 port=5432', closed: 0>
05:31:31 PM:DEBUG [cursor_del_pool.py:30] Dentro del bloque with
05:31:31 PM:DEBUG [cursor_del_pool.py:32] [(2, 'Carla', 'Gomez', 'kgomez@mail.com'), (9, 'Marcos', 'Canto', 'mcanto@gmail.com'), (10, 'Marcelo', 'Cuenca', 'mcuenca@mail.com'), (12, 'María', 'Esparza', 'mesparza@mail.com'), (19, 'Jorge', 'Prol', 'jprol@mail.com'), (20, 'Alex', 'Rojas', 'arojas@mail.com'), (21, 'Pedro', 'Romero', 'promero@mail.com'), (22, 'Homero', 'Ramos', 'omeror@mail.com'), (1, 'Juan José', 'Pena', 'jjpena@mail.com')]
05:31:31 PM:DEBUG [cursor_del_pool.py:17] Se ejecuta el metodo exit
05:31:31 PM:DEBUG [cursor_del_pool.py:23] Commit de la transaccion
08:26:25 PM:DEBUG [conexion.py:38] Creación del pool exitosa: <psycopg2.pool.SimpleConnectionPool object at 0x00000251C9C51210>
08:26:25 PM:DEBUG [conexion.py:20] Conexión obtenida del pool: <connection object at 0x00000251C9D09360; dsn: 'user=postgres password=xxx dbname=test_bd host=127.0.0.1 port=5432', closed: 0>
08:26:39 PM:DEBUG [conexion.py:38] Creación del pool exitosa: <psycopg2.pool.SimpleConnectionPool object at 0x00000219EE8B4490>
08:26:39 PM:DEBUG [conexion.py:20] Conexión obtenida del pool: <connection object at 0x00000219EE95C9D0; dsn: 'user=postgres password=xxx dbname=test_bd host=127.0.0.1 port=5432', closed: 0>
08:26:39 PM:DEBUG [conexion.py:20] Conexión obtenida del pool: <connection object at 0x00000219EE95CAE0; dsn: 'user=postgres password=xxx dbname=test_bd host=127.0.0.1 port=5432', closed: 0>
08:26:39 PM:DEBUG [conexion.py:20] Conexión obtenida del pool: <connection object at 0x00000219EE95CBF0; dsn: 'user=postgres password=xxx dbname=test_bd host=127.0.0.1 port=5432', closed: 0>
08:26:39 PM:DEBUG [conexion.py:20] Conexión obtenida del pool: <connection object at 0x00000219EE95CD00; dsn: 'user=postgres password=xxx dbname=test_bd host=127.0.0.1 port=5432', closed: 0>
08:26:39 PM:DEBUG [conexion.py:20] Conexión obtenida del pool: <connection object at 0x00000219EE95CE10; dsn: 'user=postgres password=xxx dbname=test_bd host=127.0.0.1 port=5432', closed: 0>
08:27:00 PM:DEBUG [conexion.py:38] Creación del pool exitosa: <psycopg2.pool.SimpleConnectionPool object at 0x00000215A6E36790>
08:27:00 PM:DEBUG [conexion.py:20] Conexión obtenida del pool: <connection object at 0x00000215A6ED09D0; dsn: 'user=postgres password=xxx dbname=test_bd host=127.0.0.1 port=5432', closed: 0>
08:27:11 PM:DEBUG [Persona.py:55] 
            Id Persona: 1,
            Nombre: Juan,
            Apellido: Perez,
            Email: jperez@mail.com
    
08:27:11 PM:DEBUG [Persona.py:57] 
            Id Persona: None,
            Nombre: Jose,
            Apellido: Lepez,
            Email: ljose@mail.com
    
08:27:11 PM:DEBUG [Persona.py:59] 
            Id Persona: 1,
            Nombre: None,
            Apellido: None,
            Email: None
    
08:27:19 PM:DEBUG [logger_base.py:16] Mensaje a nivel debug
08:27:19 PM:INFO [logger_base.py:17] Mensaje a nivel info
08:27:19 PM:WARNING [logger_base.py:18] Mensaje a nivel warning
08:27:19 PM:ERROR [logger_base.py:19] Mensaje a nivel error
08:27:19 PM:CRITICAL [logger_base.py:20] Mensaje a nivel critical
08:27:24 PM:DEBUG [conexion.py:38] Creación del pool exitosa: <psycopg2.pool.SimpleConnectionPool object at 0x0000024ABFD36790>
08:27:24 PM:DEBUG [conexion.py:20] Conexión obtenida del pool: <connection object at 0x0000024ABFDB09D0; dsn: 'user=postgres password=xxx dbname=test_bd host=127.0.0.1 port=5432', closed: 0>
08:31:23 PM:DEBUG [conexion.py:38] Creación del pool exitosa: <psycopg2.pool.SimpleConnectionPool object at 0x000001F157E36790>
08:31:23 PM:DEBUG [conexion.py:20] Conexión obtenida del pool: <connection object at 0x000001F157ED09D0; dsn: 'user=postgres password=xxx dbname=test_bd host=127.0.0.1 port=5432', closed: 0>
08:32:31 PM:DEBUG [conexion.py:38] Creación del pool exitosa: <psycopg2.pool.SimpleConnectionPool object at 0x000001E6DAC36790>
08:32:31 PM:DEBUG [conexion.py:20] Conexión obtenida del pool: <connection object at 0x000001E6DACB09D0; dsn: 'user=postgres password=xxx dbname=test_bd host=127.0.0.1 port=5432', closed: 0>
01:42:09 PM:DEBUG [conexion.py:38] Creación del pool exitosa: <psycopg2.pool.SimpleConnectionPool object at 0x000002043FB369D0>
01:42:09 PM:DEBUG [conexion.py:20] Conexión obtenida del pool: <connection object at 0x000002043FBB09D0; dsn: 'user=postgres password=xxx dbname=test_bd host=127.0.0.1 port=5432', closed: 0>
01:47:52 PM:DEBUG [cursor_del_pool.py:11] Inicio del metodo with y __enter__
01:47:53 PM:DEBUG [conexion.py:38] Creación del pool exitosa: <psycopg2.pool.SimpleConnectionPool object at 0x00000230EAE37910>
01:47:53 PM:DEBUG [conexion.py:20] Conexión obtenida del pool: <connection object at 0x00000230EAE3CAE0; dsn: 'user=postgres password=xxx dbname=test_bd host=127.0.0.1 port=5432', closed: 0>
01:47:53 PM:DEBUG [cursor_del_pool.py:30] Dentro del bloque with
01:47:53 PM:DEBUG [cursor_del_pool.py:32] [(2, 'Carla', 'Gomez', 'kgomez@mail.com'), (9, 'Marcos', 'Canto', 'mcanto@gmail.com'), (10, 'Marcelo', 'Cuenca', 'mcuenca@mail.com'), (12, 'María', 'Esparza', 'mesparza@mail.com'), (19, 'Jorge', 'Prol', 'jprol@mail.com'), (20, 'Alex', 'Rojas', 'arojas@mail.com'), (21, 'Pedro', 'Romero', 'promero@mail.com'), (22, 'Homero', 'Ramos', 'omeror@mail.com'), (1, 'Juan José', 'Pena', 'jjpena@mail.com')]
01:47:53 PM:DEBUG [cursor_del_pool.py:17] Se ejecuta el metodo exit
01:47:53 PM:DEBUG [cursor_del_pool.py:23] Commit de la transaccion
01:47:58 PM:DEBUG [conexion.py:38] Creación del pool exitosa: <psycopg2.pool.SimpleConnectionPool object at 0x00000219EB8369D0>
01:47:58 PM:DEBUG [conexion.py:20] Conexión obtenida del pool: <connection object at 0x00000219EB8B09D0; dsn: 'user=postgres password=xxx dbname=test_bd host=127.0.0.1 port=5432', closed: 0>
01:53:59 PM:DEBUG [conexion.py:44] Creación del pool exitosa: <psycopg2.pool.SimpleConnectionPool object at 0x000002A46CC50C10>
01:53:59 PM:DEBUG [conexion.py:20] Conexión obtenida del pool: <connection object at 0x000002A46CCC9360; dsn: 'user=postgres password=xxx dbname=test_bd host=127.0.0.1 port=5432', closed: 0>
01:53:59 PM:DEBUG [conexion.py:27] Cursor obtenido
01:53:59 PM:DEBUG [persona_dao.py:80] 
            Id Persona: 1,
            Nombre: Juan José,
            Apellido: Pena,
            Email: jjpena@mail.com
    
01:53:59 PM:DEBUG [persona_dao.py:80] 
            Id Persona: 2,
            Nombre: Carla,
            Apellido: Gomez,
            Email: kgomez@mail.com
    
01:53:59 PM:DEBUG [persona_dao.py:80] 
            Id Persona: 9,
            Nombre: Marcos,
            Apellido: Canto,
            Email: mcanto@gmail.com
    
01:53:59 PM:DEBUG [persona_dao.py:80] 
            Id Persona: 10,
            Nombre: Marcelo,
            Apellido: Cuenca,
            Email: mcuenca@mail.com
    
01:53:59 PM:DEBUG [persona_dao.py:80] 
            Id Persona: 12,
            Nombre: María,
            Apellido: Esparza,
            Email: mesparza@mail.com
    
01:53:59 PM:DEBUG [persona_dao.py:80] 
            Id Persona: 19,
            Nombre: Jorge,
            Apellido: Prol,
            Email: jprol@mail.com
    
01:53:59 PM:DEBUG [persona_dao.py:80] 
            Id Persona: 20,
            Nombre: Alex,
            Apellido: Rojas,
            Email: arojas@mail.com
    
01:53:59 PM:DEBUG [persona_dao.py:80] 
            Id Persona: 21,
            Nombre: Pedro,
            Apellido: Romero,
            Email: promero@mail.com
    
01:53:59 PM:DEBUG [persona_dao.py:80] 
            Id Persona: 22,
            Nombre: Homero,
            Apellido: Ramos,
            Email: omeror@mail.com
    
01:54:43 PM:DEBUG [Persona.py:55] 
            Id Persona: 1,
            Nombre: Juan,
            Apellido: Perez,
            Email: jperez@mail.com
    
01:54:43 PM:DEBUG [Persona.py:57] 
            Id Persona: None,
            Nombre: Jose,
            Apellido: Lepez,
            Email: ljose@mail.com
    
01:54:43 PM:DEBUG [Persona.py:59] 
            Id Persona: 1,
            Nombre: None,
            Apellido: None,
            Email: None
    
01:54:52 PM:DEBUG [conexion.py:44] Creación del pool exitosa: <psycopg2.pool.SimpleConnectionPool object at 0x000002BCA94B4650>
01:54:52 PM:DEBUG [conexion.py:20] Conexión obtenida del pool: <connection object at 0x000002BCA955C9D0; dsn: 'user=postgres password=xxx dbname=test_bd host=127.0.0.1 port=5432', closed: 0>
01:54:52 PM:DEBUG [conexion.py:20] Conexión obtenida del pool: <connection object at 0x000002BCA955CAE0; dsn: 'user=postgres password=xxx dbname=test_bd host=127.0.0.1 port=5432', closed: 0>
01:54:52 PM:DEBUG [conexion.py:20] Conexión obtenida del pool: <connection object at 0x000002BCA955CBF0; dsn: 'user=postgres password=xxx dbname=test_bd host=127.0.0.1 port=5432', closed: 0>
01:54:52 PM:DEBUG [conexion.py:20] Conexión obtenida del pool: <connection object at 0x000002BCA955CD00; dsn: 'user=postgres password=xxx dbname=test_bd host=127.0.0.1 port=5432', closed: 0>
01:54:52 PM:DEBUG [conexion.py:20] Conexión obtenida del pool: <connection object at 0x000002BCA955CE10; dsn: 'user=postgres password=xxx dbname=test_bd host=127.0.0.1 port=5432', closed: 0>
01:54:56 PM:DEBUG [conexion.py:44] Creación del pool exitosa: <psycopg2.pool.SimpleConnectionPool object at 0x0000024FB5250C10>
01:54:56 PM:DEBUG [conexion.py:20] Conexión obtenida del pool: <connection object at 0x0000024FB52C9360; dsn: 'user=postgres password=xxx dbname=test_bd host=127.0.0.1 port=5432', closed: 0>
01:54:56 PM:DEBUG [conexion.py:27] Cursor obtenido
01:54:56 PM:DEBUG [persona_dao.py:80] 
            Id Persona: 1,
            Nombre: Juan José,
            Apellido: Pena,
            Email: jjpena@mail.com
    
01:54:56 PM:DEBUG [persona_dao.py:80] 
            Id Persona: 2,
            Nombre: Carla,
            Apellido: Gomez,
            Email: kgomez@mail.com
    
01:54:56 PM:DEBUG [persona_dao.py:80] 
            Id Persona: 9,
            Nombre: Marcos,
            Apellido: Canto,
            Email: mcanto@gmail.com
    
01:54:56 PM:DEBUG [persona_dao.py:80] 
            Id Persona: 10,
            Nombre: Marcelo,
            Apellido: Cuenca,
            Email: mcuenca@mail.com
    
01:54:56 PM:DEBUG [persona_dao.py:80] 
            Id Persona: 12,
            Nombre: María,
            Apellido: Esparza,
            Email: mesparza@mail.com
    
01:54:56 PM:DEBUG [persona_dao.py:80] 
            Id Persona: 19,
            Nombre: Jorge,
            Apellido: Prol,
            Email: jprol@mail.com
    
01:54:56 PM:DEBUG [persona_dao.py:80] 
            Id Persona: 20,
            Nombre: Alex,
            Apellido: Rojas,
            Email: arojas@mail.com
    
01:54:56 PM:DEBUG [persona_dao.py:80] 
            Id Persona: 21,
            Nombre: Pedro,
            Apellido: Romero,
            Email: promero@mail.com
    
01:54:56 PM:DEBUG [persona_dao.py:80] 
            Id Persona: 22,
            Nombre: Homero,
            Apellido: Ramos,
            Email: omeror@mail.com
    
01:55:17 PM:DEBUG [cursor_del_pool.py:11] Inicio del metodo with y __enter__
01:55:17 PM:DEBUG [conexion.py:44] Creación del pool exitosa: <psycopg2.pool.SimpleConnectionPool object at 0x00000185CDAA35D0>
01:55:17 PM:DEBUG [conexion.py:20] Conexión obtenida del pool: <connection object at 0x00000185CDB7CAE0; dsn: 'user=postgres password=xxx dbname=test_bd host=127.0.0.1 port=5432', closed: 0>
01:55:17 PM:DEBUG [cursor_del_pool.py:30] Dentro del bloque with
01:55:17 PM:DEBUG [cursor_del_pool.py:32] [(2, 'Carla', 'Gomez', 'kgomez@mail.com'), (9, 'Marcos', 'Canto', 'mcanto@gmail.com'), (10, 'Marcelo', 'Cuenca', 'mcuenca@mail.com'), (12, 'María', 'Esparza', 'mesparza@mail.com'), (19, 'Jorge', 'Prol', 'jprol@mail.com'), (20, 'Alex', 'Rojas', 'arojas@mail.com'), (21, 'Pedro', 'Romero', 'promero@mail.com'), (22, 'Homero', 'Ramos', 'omeror@mail.com'), (1, 'Juan José', 'Pena', 'jjpena@mail.com')]
01:55:17 PM:DEBUG [cursor_del_pool.py:17] Se ejecuta el metodo exit
01:55:17 PM:DEBUG [cursor_del_pool.py:23] Commit de la transaccion
07:14:19 PM:DEBUG [Persona.py:55] 
            Id Persona: 1,
            Nombre: Juan,
            Apellido: Perez,
            Email: jperez@mail.com
    
07:14:19 PM:DEBUG [Persona.py:57] 
            Id Persona: None,
            Nombre: Jose,
            Apellido: Lepez,
            Email: ljose@mail.com
    
07:14:19 PM:DEBUG [Persona.py:59] 
            Id Persona: 1,
            Nombre: None,
            Apellido: None,
            Email: None
    
07:14:38 PM:DEBUG [cursor_del_pool.py:11] Inicio del metodo with y __enter__
07:14:38 PM:DEBUG [conexion.py:44] Creación del pool exitosa: <psycopg2.pool.SimpleConnectionPool object at 0x0000028987FA35D0>
07:14:38 PM:DEBUG [conexion.py:20] Conexión obtenida del pool: <connection object at 0x000002898803CAE0; dsn: 'user=postgres password=xxx dbname=test_bd host=127.0.0.1 port=5432', closed: 0>
07:14:38 PM:DEBUG [cursor_del_pool.py:30] Dentro del bloque with
07:14:38 PM:DEBUG [cursor_del_pool.py:32] [(2, 'Carla', 'Gomez', 'kgomez@mail.com'), (9, 'Marcos', 'Canto', 'mcanto@gmail.com'), (10, 'Marcelo', 'Cuenca', 'mcuenca@mail.com'), (12, 'María', 'Esparza', 'mesparza@mail.com'), (19, 'Jorge', 'Prol', 'jprol@mail.com'), (20, 'Alex', 'Rojas', 'arojas@mail.com'), (21, 'Pedro', 'Romero', 'promero@mail.com'), (22, 'Homero', 'Ramos', 'omeror@mail.com'), (1, 'Juan José', 'Pena', 'jjpena@mail.com')]
07:14:38 PM:DEBUG [cursor_del_pool.py:17] Se ejecuta el metodo exit
07:14:38 PM:DEBUG [cursor_del_pool.py:23] Commit de la transaccion
10:08:36 PM:DEBUG [cursor_del_pool.py:11] Inicio del metodo with y __enter__
10:08:36 PM:DEBUG [conexion.py:44] Creación del pool exitosa: <psycopg2.pool.SimpleConnectionPool object at 0x000001A9014C5ED0>
10:08:36 PM:DEBUG [conexion.py:20] Conexión obtenida del pool: <connection object at 0x000001A901428E10; dsn: 'user=postgres password=xxx dbname=test_bd host=127.0.0.1 port=5432', closed: 0>
10:08:36 PM:DEBUG [usuario_dao.py:48] Usuario a eliminar: Usuario: 3 None None
10:08:36 PM:DEBUG [cursor_del_pool.py:17] Se ejecuta el metodo exit
10:08:36 PM:DEBUG [cursor_del_pool.py:20] Ocurrio una exception: relation "usuario" does not exist
LINE 1: DELETE FROM usuario WHERE id_usuario=3
                    ^

10:10:14 PM:DEBUG [cursor_del_pool.py:11] Inicio del metodo with y __enter__
10:10:14 PM:DEBUG [conexion.py:44] Creación del pool exitosa: <psycopg2.pool.SimpleConnectionPool object at 0x000002DB9B755ED0>
10:10:14 PM:DEBUG [conexion.py:20] Conexión obtenida del pool: <connection object at 0x000002DB9B6B8E10; dsn: 'user=postgres password=xxx dbname=test_bd host=127.0.0.1 port=5432', closed: 0>
10:10:14 PM:DEBUG [usuario_dao.py:48] Usuario a eliminar: Usuario: 3 None None
10:10:14 PM:DEBUG [cursor_del_pool.py:17] Se ejecuta el metodo exit
10:10:14 PM:DEBUG [cursor_del_pool.py:20] Ocurrio una exception: relation "usuario" does not exist
LINE 1: DELETE FROM usuario WHERE id_usuario=3
                    ^

10:17:13 PM:DEBUG [cursor_del_pool.py:11] Inicio del metodo with y __enter__
10:17:13 PM:DEBUG [conexion.py:44] Creación del pool exitosa: <psycopg2.pool.SimpleConnectionPool object at 0x00000280076A5ED0>
10:17:13 PM:DEBUG [conexion.py:20] Conexión obtenida del pool: <connection object at 0x0000028007608E10; dsn: 'user=postgres password=xxx dbname=test_bd host=127.0.0.1 port=5432', closed: 0>
10:17:13 PM:DEBUG [usuario_dao.py:48] Usuario a eliminar: Usuario: 3 None None
10:17:13 PM:DEBUG [cursor_del_pool.py:17] Se ejecuta el metodo exit
10:17:13 PM:DEBUG [cursor_del_pool.py:20] Ocurrio una exception: relation "usuario" does not exist
LINE 1: DELETE FROM usuario WHERE id_usuario=3
                    ^

10:21:41 PM:DEBUG [cursor_del_pool.py:11] Inicio del metodo with y __enter__
10:21:41 PM:DEBUG [conexion.py:44] Creación del pool exitosa: <psycopg2.pool.SimpleConnectionPool object at 0x000001C2720ED210>
10:21:41 PM:DEBUG [conexion.py:20] Conexión obtenida del pool: <connection object at 0x000001C2720B8E10; dsn: 'user=postgres password=xxx dbname=test_bd host=127.0.0.1 port=5432', closed: 0>
10:21:41 PM:DEBUG [usuario_dao.py:48] Usuario a eliminar: Usuario: 3 None None
10:21:41 PM:DEBUG [cursor_del_pool.py:17] Se ejecuta el metodo exit
10:21:41 PM:DEBUG [cursor_del_pool.py:20] Ocurrio una exception: relation "usuario" does not exist
LINE 1: DELETE FROM Usuario WHERE id_usuario=3
                    ^

10:25:58 PM:DEBUG [conexion.py:44] Creación del pool exitosa: <psycopg2.pool.SimpleConnectionPool object at 0x00000211BF836A10>
10:25:58 PM:DEBUG [conexion.py:20] Conexión obtenida del pool: <connection object at 0x00000211BF8B09D0; dsn: 'user=postgres password=xxx dbname=test_bd host=127.0.0.1 port=5432', closed: 0>
10:25:58 PM:DEBUG [conexion.py:27] Cursor obtenido
10:25:58 PM:DEBUG [persona_dao.py:80] 
            Id Persona: 1,
            Nombre: Juan José,
            Apellido: Pena,
            Email: jjpena@mail.com
    
10:25:58 PM:DEBUG [persona_dao.py:80] 
            Id Persona: 2,
            Nombre: Carla,
            Apellido: Gomez,
            Email: kgomez@mail.com
    
10:25:58 PM:DEBUG [persona_dao.py:80] 
            Id Persona: 9,
            Nombre: Marcos,
            Apellido: Canto,
            Email: mcanto@gmail.com
    
10:25:58 PM:DEBUG [persona_dao.py:80] 
            Id Persona: 10,
            Nombre: Marcelo,
            Apellido: Cuenca,
            Email: mcuenca@mail.com
    
10:25:58 PM:DEBUG [persona_dao.py:80] 
            Id Persona: 12,
            Nombre: María,
            Apellido: Esparza,
            Email: mesparza@mail.com
    
10:25:58 PM:DEBUG [persona_dao.py:80] 
            Id Persona: 19,
            Nombre: Jorge,
            Apellido: Prol,
            Email: jprol@mail.com
    
10:25:58 PM:DEBUG [persona_dao.py:80] 
            Id Persona: 20,
            Nombre: Alex,
            Apellido: Rojas,
            Email: arojas@mail.com
    
10:25:58 PM:DEBUG [persona_dao.py:80] 
            Id Persona: 21,
            Nombre: Pedro,
            Apellido: Romero,
            Email: promero@mail.com
    
10:25:58 PM:DEBUG [persona_dao.py:80] 
            Id Persona: 22,
            Nombre: Homero,
            Apellido: Ramos,
            Email: omeror@mail.com
    
10:29:45 PM:DEBUG [cursor_del_pool.py:11] Inicio del metodo with y __enter__
10:29:45 PM:DEBUG [conexion.py:44] Creación del pool exitosa: <psycopg2.pool.SimpleConnectionPool object at 0x000002AEA44A5ED0>
10:29:45 PM:DEBUG [conexion.py:20] Conexión obtenida del pool: <connection object at 0x000002AEA4408E10; dsn: 'user=postgres password=xxx dbname=test_bd host=127.0.0.1 port=5432', closed: 0>
10:29:45 PM:DEBUG [usuario_dao.py:48] Usuario a eliminar: Usuario: 3 None None
10:29:45 PM:DEBUG [cursor_del_pool.py:17] Se ejecuta el metodo exit
10:29:45 PM:DEBUG [cursor_del_pool.py:23] Commit de la transaccion
10:29:45 PM:DEBUG [usuario_dao.py:58] Usuario eliminado: 1
10:29:45 PM:DEBUG [cursor_del_pool.py:11] Inicio del metodo with y __enter__
10:29:45 PM:DEBUG [conexion.py:20] Conexión obtenida del pool: <connection object at 0x000002AEA40FE350; dsn: 'user=postgres password=xxx dbname=test_bd host=127.0.0.1 port=5432', closed: 0>
10:29:45 PM:DEBUG [usuario_dao.py:40] Usuario a actualizar: Usuario: 1  369
10:29:45 PM:DEBUG [cursor_del_pool.py:17] Se ejecuta el metodo exit
10:29:45 PM:DEBUG [cursor_del_pool.py:23] Commit de la transaccion
10:29:45 PM:DEBUG [usuario_dao.py:63] Usuario modificado: 1
10:29:45 PM:DEBUG [cursor_del_pool.py:11] Inicio del metodo with y __enter__
10:29:45 PM:DEBUG [conexion.py:20] Conexión obtenida del pool: <connection object at 0x000002AEA44088C0; dsn: 'user=postgres password=xxx dbname=test_bd host=127.0.0.1 port=5432', closed: 0>
10:29:45 PM:DEBUG [usuario_dao.py:32] Usuario a insertar: Usuario: None Kely 321
10:29:45 PM:DEBUG [cursor_del_pool.py:17] Se ejecuta el metodo exit
10:29:45 PM:DEBUG [cursor_del_pool.py:20] Ocurrio una exception: duplicate key value violates unique constraint "Usuario_pkey"
DETAIL:  Key (id_usuario)=(2) already exists.

10:35:14 PM:DEBUG [cursor_del_pool.py:11] Inicio del metodo with y __enter__
10:35:14 PM:DEBUG [conexion.py:44] Creación del pool exitosa: <psycopg2.pool.SimpleConnectionPool object at 0x000001BDB3D54C50>
10:35:14 PM:DEBUG [conexion.py:20] Conexión obtenida del pool: <connection object at 0x000001BDB3CB8E10; dsn: 'user=postgres password=xxx dbname=test_bd host=127.0.0.1 port=5432', closed: 0>
10:35:14 PM:DEBUG [usuario_dao.py:48] Usuario a eliminar: Usuario: 3 None None
10:35:14 PM:DEBUG [cursor_del_pool.py:17] Se ejecuta el metodo exit
10:35:14 PM:DEBUG [cursor_del_pool.py:23] Commit de la transaccion
10:35:14 PM:DEBUG [usuario_dao.py:58] Usuario eliminado: 0
10:35:14 PM:DEBUG [cursor_del_pool.py:11] Inicio del metodo with y __enter__
10:35:14 PM:DEBUG [conexion.py:20] Conexión obtenida del pool: <connection object at 0x000001BDB3BFE350; dsn: 'user=postgres password=xxx dbname=test_bd host=127.0.0.1 port=5432', closed: 0>
10:35:14 PM:DEBUG [usuario_dao.py:40] Usuario a actualizar: Usuario: 1  369
10:35:14 PM:DEBUG [cursor_del_pool.py:17] Se ejecuta el metodo exit
10:35:14 PM:DEBUG [cursor_del_pool.py:23] Commit de la transaccion
10:35:14 PM:DEBUG [usuario_dao.py:63] Usuario modificado: 1
10:35:14 PM:DEBUG [cursor_del_pool.py:11] Inicio del metodo with y __enter__
10:35:14 PM:DEBUG [conexion.py:20] Conexión obtenida del pool: <connection object at 0x000001BDB3CB88C0; dsn: 'user=postgres password=xxx dbname=test_bd host=127.0.0.1 port=5432', closed: 0>
10:35:14 PM:DEBUG [usuario_dao.py:32] Usuario a insertar: Usuario: None Kely 321
10:35:14 PM:DEBUG [cursor_del_pool.py:17] Se ejecuta el metodo exit
10:35:14 PM:DEBUG [cursor_del_pool.py:23] Commit de la transaccion
10:35:14 PM:DEBUG [usuario_dao.py:68] Usuario insertado: 1
10:35:14 PM:DEBUG [cursor_del_pool.py:11] Inicio del metodo with y __enter__
10:35:14 PM:DEBUG [conexion.py:20] Conexión obtenida del pool: <connection object at 0x000001BDB3CB8F20; dsn: 'user=postgres password=xxx dbname=test_bd host=127.0.0.1 port=5432', closed: 0>
10:35:14 PM:DEBUG [usuario_dao.py:20] Seleccionando usuarios
10:35:14 PM:DEBUG [cursor_del_pool.py:17] Se ejecuta el metodo exit
10:35:14 PM:DEBUG [cursor_del_pool.py:23] Commit de la transaccion
10:35:14 PM:DEBUG [usuario_dao.py:73] Usuario: 1  369
10:35:14 PM:DEBUG [usuario_dao.py:73] Usuario: 2 kgomez 456
10:35:14 PM:DEBUG [usuario_dao.py:73] Usuario: 3 Kely 321
10:49:59 PM:DEBUG [cursor_del_pool.py:11] Inicio del metodo with y __enter__
10:49:59 PM:DEBUG [conexion.py:44] Creación del pool exitosa: <psycopg2.pool.SimpleConnectionPool object at 0x0000029BF991F190>
10:49:59 PM:DEBUG [conexion.py:20] Conexión obtenida del pool: <connection object at 0x0000029BF9FFD360; dsn: 'user=postgres password=xxx dbname=test_bd host=127.0.0.1 port=5432', closed: 0>
10:49:59 PM:DEBUG [usuario_dao.py:20] Seleccionando usuarios
10:49:59 PM:DEBUG [cursor_del_pool.py:17] Se ejecuta el metodo exit
10:49:59 PM:DEBUG [cursor_del_pool.py:23] Commit de la transaccion
10:49:59 PM:INFO [menu_app_usuario.py:16] Usuario: 1  369
10:49:59 PM:INFO [menu_app_usuario.py:16] Usuario: 2 kgomez 456
10:49:59 PM:INFO [menu_app_usuario.py:16] Usuario: 3 Kely 321
10:53:00 PM:DEBUG [cursor_del_pool.py:11] Inicio del metodo with y __enter__
10:53:00 PM:DEBUG [conexion.py:44] Creación del pool exitosa: <psycopg2.pool.SimpleConnectionPool object at 0x000001CA2F0A4C50>
10:53:00 PM:DEBUG [conexion.py:20] Conexión obtenida del pool: <connection object at 0x000001CA2F0B8E10; dsn: 'user=postgres password=xxx dbname=test_bd host=127.0.0.1 port=5432', closed: 0>
10:53:00 PM:DEBUG [usuario_dao.py:48] Usuario a eliminar: Usuario: 3 None None
10:53:00 PM:DEBUG [cursor_del_pool.py:17] Se ejecuta el metodo exit
10:53:00 PM:DEBUG [cursor_del_pool.py:23] Commit de la transaccion
10:53:00 PM:DEBUG [usuario_dao.py:58] Usuario eliminado: 0
10:53:00 PM:DEBUG [cursor_del_pool.py:11] Inicio del metodo with y __enter__
10:53:00 PM:DEBUG [conexion.py:20] Conexión obtenida del pool: <connection object at 0x000001CA2EFFE350; dsn: 'user=postgres password=xxx dbname=test_bd host=127.0.0.1 port=5432', closed: 0>
10:53:00 PM:DEBUG [usuario_dao.py:40] Usuario a actualizar: Usuario: 1  369
10:53:00 PM:DEBUG [cursor_del_pool.py:17] Se ejecuta el metodo exit
10:53:00 PM:DEBUG [cursor_del_pool.py:23] Commit de la transaccion
10:53:00 PM:DEBUG [usuario_dao.py:63] Usuario modificado: 1
10:53:00 PM:DEBUG [cursor_del_pool.py:11] Inicio del metodo with y __enter__
10:53:00 PM:DEBUG [conexion.py:20] Conexión obtenida del pool: <connection object at 0x000001CA2F0B88C0; dsn: 'user=postgres password=xxx dbname=test_bd host=127.0.0.1 port=5432', closed: 0>
10:53:00 PM:DEBUG [usuario_dao.py:32] Usuario a insertar: Usuario: None Kely 321
10:53:00 PM:DEBUG [cursor_del_pool.py:17] Se ejecuta el metodo exit
10:53:00 PM:DEBUG [cursor_del_pool.py:23] Commit de la transaccion
10:53:00 PM:DEBUG [usuario_dao.py:68] Usuario insertado: 1
10:53:00 PM:DEBUG [cursor_del_pool.py:11] Inicio del metodo with y __enter__
10:53:00 PM:DEBUG [conexion.py:20] Conexión obtenida del pool: <connection object at 0x000001CA2F0B8F20; dsn: 'user=postgres password=xxx dbname=test_bd host=127.0.0.1 port=5432', closed: 0>
10:53:00 PM:DEBUG [usuario_dao.py:20] Seleccionando usuarios
10:53:00 PM:DEBUG [cursor_del_pool.py:17] Se ejecuta el metodo exit
10:53:00 PM:DEBUG [cursor_del_pool.py:23] Commit de la transaccion
10:53:00 PM:DEBUG [usuario_dao.py:73] Usuario: 1  369
10:53:00 PM:DEBUG [usuario_dao.py:73] Usuario: 2 Kely 321
10:53:00 PM:DEBUG [usuario_dao.py:73] Usuario: 4 Kely 321
10:57:00 PM:DEBUG [cursor_del_pool.py:11] Inicio del metodo with y __enter__
10:57:01 PM:DEBUG [conexion.py:44] Creación del pool exitosa: <psycopg2.pool.SimpleConnectionPool object at 0x0000026C024A4C50>
10:57:01 PM:DEBUG [conexion.py:20] Conexión obtenida del pool: <connection object at 0x0000026C024B8E10; dsn: 'user=postgres password=xxx dbname=test_bd host=127.0.0.1 port=5432', closed: 0>
10:57:01 PM:DEBUG [usuario_dao.py:48] Usuario a eliminar: Usuario: 3 None None
10:57:01 PM:DEBUG [cursor_del_pool.py:17] Se ejecuta el metodo exit
10:57:01 PM:DEBUG [cursor_del_pool.py:23] Commit de la transaccion
10:57:01 PM:DEBUG [usuario_dao.py:58] Usuario eliminado: 0
10:57:01 PM:DEBUG [cursor_del_pool.py:11] Inicio del metodo with y __enter__
10:57:01 PM:DEBUG [conexion.py:20] Conexión obtenida del pool: <connection object at 0x0000026C023FE350; dsn: 'user=postgres password=xxx dbname=test_bd host=127.0.0.1 port=5432', closed: 0>
10:57:01 PM:DEBUG [usuario_dao.py:40] Usuario a actualizar: Usuario: 1  369
10:57:01 PM:DEBUG [cursor_del_pool.py:17] Se ejecuta el metodo exit
10:57:01 PM:DEBUG [cursor_del_pool.py:23] Commit de la transaccion
10:57:01 PM:DEBUG [usuario_dao.py:63] Usuario modificado: 1
10:57:01 PM:DEBUG [cursor_del_pool.py:11] Inicio del metodo with y __enter__
10:57:01 PM:DEBUG [conexion.py:20] Conexión obtenida del pool: <connection object at 0x0000026C024B88C0; dsn: 'user=postgres password=xxx dbname=test_bd host=127.0.0.1 port=5432', closed: 0>
10:57:01 PM:DEBUG [usuario_dao.py:32] Usuario a insertar: Usuario: None Kely 321
10:57:01 PM:DEBUG [cursor_del_pool.py:17] Se ejecuta el metodo exit
10:57:01 PM:DEBUG [cursor_del_pool.py:23] Commit de la transaccion
10:57:01 PM:DEBUG [usuario_dao.py:68] Usuario insertado: 1
10:57:01 PM:DEBUG [cursor_del_pool.py:11] Inicio del metodo with y __enter__
10:57:01 PM:DEBUG [conexion.py:20] Conexión obtenida del pool: <connection object at 0x0000026C024B8F20; dsn: 'user=postgres password=xxx dbname=test_bd host=127.0.0.1 port=5432', closed: 0>
10:57:01 PM:DEBUG [usuario_dao.py:20] Seleccionando usuarios
10:57:01 PM:DEBUG [cursor_del_pool.py:17] Se ejecuta el metodo exit
10:57:01 PM:DEBUG [cursor_del_pool.py:23] Commit de la transaccion
10:57:01 PM:DEBUG [usuario_dao.py:73] Usuario: 1  369
10:57:01 PM:DEBUG [usuario_dao.py:73] Usuario: 2 kgomez 456
10:57:01 PM:DEBUG [usuario_dao.py:73] Usuario: 4 Kely 321
10:57:01 PM:DEBUG [usuario_dao.py:73] Usuario: 5 Kely 321
10:57:55 PM:DEBUG [cursor_del_pool.py:11] Inicio del metodo with y __enter__
10:57:55 PM:DEBUG [conexion.py:44] Creación del pool exitosa: <psycopg2.pool.SimpleConnectionPool object at 0x00000230F1454C50>
10:57:55 PM:DEBUG [conexion.py:20] Conexión obtenida del pool: <connection object at 0x00000230F13B8E10; dsn: 'user=postgres password=xxx dbname=test_bd host=127.0.0.1 port=5432', closed: 0>
10:57:55 PM:DEBUG [usuario_dao.py:20] Seleccionando usuarios
10:57:55 PM:DEBUG [cursor_del_pool.py:17] Se ejecuta el metodo exit
10:57:55 PM:DEBUG [cursor_del_pool.py:23] Commit de la transaccion
10:57:55 PM:INFO [menu_app_usuario.py:16] Usuario: 1  369
10:57:55 PM:INFO [menu_app_usuario.py:16] Usuario: 2 kgomez 456
10:57:55 PM:INFO [menu_app_usuario.py:16] Usuario: 4 Kely 321
10:57:55 PM:INFO [menu_app_usuario.py:16] Usuario: 5 Kely 321
10:58:38 PM:INFO [menu_app_usuario.py:19] Salimos de la aplicación, hasta pronto !!
11:01:07 PM:INFO [menu_app_usuario.py:16] Usuario: 1  369
11:01:07 PM:INFO [menu_app_usuario.py:16] Usuario: 2 kgomez 456
11:01:07 PM:INFO [menu_app_usuario.py:16] Usuario: 4 Kely 321
11:01:07 PM:INFO [menu_app_usuario.py:16] Usuario: 5 Kely 321
11:01:16 PM:INFO [menu_app_usuario.py:19] Salimos de la aplicación, hasta pronto !!
01:51:00 AM:INFO [menu_app_usuario.py:17] Usuario: 1  369
01:51:00 AM:INFO [menu_app_usuario.py:17] Usuario: 2 kgomez 456
01:51:00 AM:INFO [menu_app_usuario.py:17] Usuario: 4 Kely 321
01:51:00 AM:INFO [menu_app_usuario.py:17] Usuario: 5 Kely 321
01:51:20 AM:INFO [menu_app_usuario.py:28] Usuario modificado: 0
01:51:30 AM:INFO [menu_app_usuario.py:30] Salimos de la aplicación, hasta pronto !!
01:55:50 AM:INFO [menu_app_usuario.py:30] Usuario modificado: 0
01:56:20 AM:INFO [menu_app_usuario.py:32] Salimos de la aplicación, hasta pronto !!
07:40:33 PM:DEBUG [cursor_del_pool.py:11] Inicio del metodo with y __enter__
07:40:34 PM:DEBUG [conexion.py:44] Creación del pool exitosa: <psycopg2.pool.SimpleConnectionPool object at 0x0000021638389B50>
07:40:34 PM:DEBUG [conexion.py:20] Conexión obtenida del pool: <connection object at 0x00000216382D1F10; dsn: 'user=postgres password=xxx dbname=test_bd host=127.0.0.1 port=5432', closed: 0>
07:40:34 PM:DEBUG [usuario_dao.py:20] Seleccionando usuarios
07:40:34 PM:DEBUG [cursor_del_pool.py:17] Se ejecuta el metodo exit
07:40:34 PM:DEBUG [cursor_del_pool.py:23] Commit de la transaccion
07:40:34 PM:INFO [menu_app_usuario.py:17] Usuario: 1  369
07:40:34 PM:INFO [menu_app_usuario.py:17] Usuario: 2 kgomez 456
07:40:34 PM:INFO [menu_app_usuario.py:17] Usuario: 4 Kely 321
07:40:34 PM:INFO [menu_app_usuario.py:17] Usuario: 5 Kely 321
07:44:09 PM:DEBUG [conexion.py:44] Creación del pool exitosa: <psycopg2.pool.SimpleConnectionPool object at 0x000001A84DBDD150>
07:44:09 PM:DEBUG [conexion.py:20] Conexión obtenida del pool: <connection object at 0x000001A84DBD8AE0; dsn: 'user=postgres password=xxx dbname=test_bd host=127.0.0.1 port=5432', closed: 0>
07:44:09 PM:DEBUG [conexion.py:20] Conexión obtenida del pool: <connection object at 0x000001A84DBD8BF0; dsn: 'user=postgres password=xxx dbname=test_bd host=127.0.0.1 port=5432', closed: 0>
07:44:09 PM:DEBUG [conexion.py:20] Conexión obtenida del pool: <connection object at 0x000001A84DBD8D00; dsn: 'user=postgres password=xxx dbname=test_bd host=127.0.0.1 port=5432', closed: 0>
07:44:09 PM:DEBUG [conexion.py:20] Conexión obtenida del pool: <connection object at 0x000001A84DBD8E10; dsn: 'user=postgres password=xxx dbname=test_bd host=127.0.0.1 port=5432', closed: 0>
07:44:09 PM:DEBUG [conexion.py:20] Conexión obtenida del pool: <connection object at 0x000001A84DBD8F20; dsn: 'user=postgres password=xxx dbname=test_bd host=127.0.0.1 port=5432', closed: 0>
07:44:43 PM:DEBUG [cursor_del_pool.py:11] Inicio del metodo with y __enter__
07:44:43 PM:DEBUG [conexion.py:44] Creación del pool exitosa: <psycopg2.pool.SimpleConnectionPool object at 0x000001786DDA8890>
07:44:43 PM:DEBUG [conexion.py:20] Conexión obtenida del pool: <connection object at 0x000001786E0BE020; dsn: 'user=postgres password=xxx dbname=test_bd host=127.0.0.1 port=5432', closed: 0>
07:44:43 PM:DEBUG [usuario_dao.py:32] Usuario a insertar: Usuario: None mlara 567
07:44:43 PM:DEBUG [cursor_del_pool.py:17] Se ejecuta el metodo exit
07:44:43 PM:DEBUG [cursor_del_pool.py:23] Commit de la transaccion
07:44:43 PM:INFO [menu_app_usuario.py:23] Usuario insertado: 1
07:44:54 PM:DEBUG [cursor_del_pool.py:11] Inicio del metodo with y __enter__
07:44:55 PM:DEBUG [conexion.py:20] Conexión obtenida del pool: <connection object at 0x000001786E0BDE00; dsn: 'user=postgres password=xxx dbname=test_bd host=127.0.0.1 port=5432', closed: 0>
07:44:55 PM:DEBUG [usuario_dao.py:20] Seleccionando usuarios
07:44:55 PM:DEBUG [cursor_del_pool.py:17] Se ejecuta el metodo exit
07:44:55 PM:DEBUG [cursor_del_pool.py:23] Commit de la transaccion
07:44:55 PM:INFO [menu_app_usuario.py:17] Usuario: 1  369
07:44:55 PM:INFO [menu_app_usuario.py:17] Usuario: 2 kgomez 456
07:44:55 PM:INFO [menu_app_usuario.py:17] Usuario: 4 Kely 321
07:44:55 PM:INFO [menu_app_usuario.py:17] Usuario: 5 Kely 321
07:44:55 PM:INFO [menu_app_usuario.py:17] Usuario: 6 mlara 567
07:45:45 PM:DEBUG [cursor_del_pool.py:11] Inicio del metodo with y __enter__
07:45:45 PM:DEBUG [conexion.py:20] Conexión obtenida del pool: <connection object at 0x000001786E002680; dsn: 'user=postgres password=xxx dbname=test_bd host=127.0.0.1 port=5432', closed: 0>
07:45:45 PM:DEBUG [usuario_dao.py:20] Seleccionando usuarios
07:45:45 PM:DEBUG [cursor_del_pool.py:17] Se ejecuta el metodo exit
07:45:45 PM:DEBUG [cursor_del_pool.py:23] Commit de la transaccion
07:46:00 PM:DEBUG [cursor_del_pool.py:11] Inicio del metodo with y __enter__
07:46:00 PM:DEBUG [conexion.py:20] Conexión obtenida del pool: <connection object at 0x000001786E0BE130; dsn: 'user=postgres password=xxx dbname=test_bd host=127.0.0.1 port=5432', closed: 0>
07:46:00 PM:DEBUG [usuario_dao.py:40] Usuario a actualizar: Usuario: None jperez None
07:46:00 PM:DEBUG [cursor_del_pool.py:17] Se ejecuta el metodo exit
07:46:00 PM:DEBUG [cursor_del_pool.py:23] Commit de la transaccion
07:46:00 PM:INFO [menu_app_usuario.py:30] Usuario modificado: 0
07:46:27 PM:DEBUG [cursor_del_pool.py:11] Inicio del metodo with y __enter__
07:46:27 PM:DEBUG [conexion.py:20] Conexión obtenida del pool: <connection object at 0x000001786E0BE240; dsn: 'user=postgres password=xxx dbname=test_bd host=127.0.0.1 port=5432', closed: 0>
07:46:27 PM:DEBUG [usuario_dao.py:20] Seleccionando usuarios
07:46:27 PM:DEBUG [cursor_del_pool.py:17] Se ejecuta el metodo exit
07:46:27 PM:DEBUG [cursor_del_pool.py:23] Commit de la transaccion
07:46:32 PM:DEBUG [cursor_del_pool.py:11] Inicio del metodo with y __enter__
07:47:08 PM:DEBUG [cursor_del_pool.py:11] Inicio del metodo with y __enter__
07:47:08 PM:DEBUG [conexion.py:44] Creación del pool exitosa: <psycopg2.pool.SimpleConnectionPool object at 0x000001B355B9F790>
07:47:08 PM:DEBUG [conexion.py:20] Conexión obtenida del pool: <connection object at 0x000001B355EBDF10; dsn: 'user=postgres password=xxx dbname=test_bd host=127.0.0.1 port=5432', closed: 0>
07:47:08 PM:DEBUG [usuario_dao.py:20] Seleccionando usuarios
07:47:08 PM:DEBUG [cursor_del_pool.py:17] Se ejecuta el metodo exit
07:47:08 PM:DEBUG [cursor_del_pool.py:23] Commit de la transaccion
07:47:23 PM:DEBUG [cursor_del_pool.py:11] Inicio del metodo with y __enter__
07:47:23 PM:DEBUG [conexion.py:20] Conexión obtenida del pool: <connection object at 0x000001B355E02680; dsn: 'user=postgres password=xxx dbname=test_bd host=127.0.0.1 port=5432', closed: 0>
07:47:23 PM:DEBUG [usuario_dao.py:40] Usuario a actualizar: Usuario: None jperez None
07:47:23 PM:DEBUG [cursor_del_pool.py:17] Se ejecuta el metodo exit
07:47:23 PM:DEBUG [cursor_del_pool.py:23] Commit de la transaccion
07:47:23 PM:INFO [menu_app_usuario.py:30] Usuario modificado: 0
07:48:17 PM:INFO [menu_app_usuario.py:37] Salimos de la aplicación, hasta pronto !!
07:48:51 PM:DEBUG [cursor_del_pool.py:11] Inicio del metodo with y __enter__
07:48:51 PM:DEBUG [conexion.py:44] Creación del pool exitosa: <psycopg2.pool.SimpleConnectionPool object at 0x0000019F7839F790>
07:48:51 PM:DEBUG [conexion.py:20] Conexión obtenida del pool: <connection object at 0x0000019F786EDF10; dsn: 'user=postgres password=xxx dbname=test_bd host=127.0.0.1 port=5432', closed: 0>
07:48:51 PM:DEBUG [usuario_dao.py:20] Seleccionando usuarios
07:48:51 PM:DEBUG [cursor_del_pool.py:17] Se ejecuta el metodo exit
07:48:51 PM:DEBUG [cursor_del_pool.py:23] Commit de la transaccion
07:48:59 PM:DEBUG [cursor_del_pool.py:11] Inicio del metodo with y __enter__
07:48:59 PM:DEBUG [conexion.py:20] Conexión obtenida del pool: <connection object at 0x0000019F78602680; dsn: 'user=postgres password=xxx dbname=test_bd host=127.0.0.1 port=5432', closed: 0>
07:48:59 PM:DEBUG [usuario_dao.py:40] Usuario a actualizar: Usuario: None loky None
07:48:59 PM:DEBUG [cursor_del_pool.py:17] Se ejecuta el metodo exit
07:48:59 PM:DEBUG [cursor_del_pool.py:23] Commit de la transaccion
07:48:59 PM:INFO [menu_app_usuario.py:30] Usuario modificado: 0
07:55:17 PM:DEBUG [cursor_del_pool.py:11] Inicio del metodo with y __enter__
07:55:17 PM:DEBUG [conexion.py:44] Creación del pool exitosa: <psycopg2.pool.SimpleConnectionPool object at 0x0000021D8BB2C850>
07:55:17 PM:DEBUG [conexion.py:20] Conexión obtenida del pool: <connection object at 0x0000021D8C1CE020; dsn: 'user=postgres password=xxx dbname=test_bd host=127.0.0.1 port=5432', closed: 0>
07:55:17 PM:DEBUG [usuario_dao.py:40] Usuario a actualizar: Usuario: 4 loki 159
07:55:17 PM:DEBUG [cursor_del_pool.py:17] Se ejecuta el metodo exit
07:55:17 PM:DEBUG [cursor_del_pool.py:23] Commit de la transaccion
07:55:17 PM:INFO [menu_app_usuario.py:30] Usuario actualizado: 1
07:57:48 PM:DEBUG [cursor_del_pool.py:11] Inicio del metodo with y __enter__
07:57:48 PM:DEBUG [conexion.py:20] Conexión obtenida del pool: <connection object at 0x0000021D8C102680; dsn: 'user=postgres password=xxx dbname=test_bd host=127.0.0.1 port=5432', closed: 0>
07:57:48 PM:DEBUG [usuario_dao.py:48] Usuario a eliminar: Usuario: 6 None None
07:57:48 PM:DEBUG [cursor_del_pool.py:17] Se ejecuta el metodo exit
07:57:48 PM:DEBUG [cursor_del_pool.py:23] Commit de la transaccion
07:57:48 PM:INFO [menu_app_usuario.py:35] Usuario eliminado: 1
07:57:50 PM:DEBUG [cursor_del_pool.py:11] Inicio del metodo with y __enter__
07:57:50 PM:DEBUG [conexion.py:20] Conexión obtenida del pool: <connection object at 0x0000021D8C1CDE00; dsn: 'user=postgres password=xxx dbname=test_bd host=127.0.0.1 port=5432', closed: 0>
07:57:50 PM:DEBUG [usuario_dao.py:20] Seleccionando usuarios
07:57:50 PM:DEBUG [cursor_del_pool.py:17] Se ejecuta el metodo exit
07:57:50 PM:DEBUG [cursor_del_pool.py:23] Commit de la transaccion
07:57:50 PM:INFO [menu_app_usuario.py:17] Usuario: 1 jperez 369
07:57:50 PM:INFO [menu_app_usuario.py:17] Usuario: 2 kgomez 456
07:57:50 PM:INFO [menu_app_usuario.py:17] Usuario: 4 loki 159
07:57:50 PM:INFO [menu_app_usuario.py:17] Usuario: 5 Kely 321
07:58:03 PM:INFO [menu_app_usuario.py:37] Salimos de la aplicación, hasta pronto !!
07:58:37 PM:INFO [menu_app_usuario.py:17] Usuario: 1 jperez 369
07:58:37 PM:INFO [menu_app_usuario.py:17] Usuario: 2 kgomez 456
07:58:37 PM:INFO [menu_app_usuario.py:17] Usuario: 4 loki 159
07:58:37 PM:INFO [menu_app_usuario.py:17] Usuario: 5 Kely 321
08:42:10 PM:INFO [menu_app_usuario.py:37] Salimos de la aplicación, hasta pronto !!
